{"/Users/haku/Workspace/projects/becual/pg-notify/src/connection.js": {"path":"/Users/haku/Workspace/projects/becual/pg-notify/src/connection.js","statementMap":{"0":{"start":{"line":1,"column":19},"end":{"line":1,"column":32}},"1":{"start":{"line":3,"column":15},"end":{"line":8,"column":2}},"2":{"start":{"line":11,"column":0},"end":{"line":11,"column":24}}},"fnMap":{},"branchMap":{},"s":{"0":1,"1":1,"2":1},"f":{},"b":{},"_coverageSchema":"332fd63041d2c1bcb487cc26dd0d5f7d97098a6c","hash":"98bda24fcdfa6950e23822b7b0a13bb5f35cdc48"}
}
